<?xml version="1.0" encoding="UTF-8"?>
<!-- Generated by org.testng.reporters.JUnitXMLReporter -->
<testsuite hostname="aatish-PC" ignored="0" name="Test" tests="1" failures="0" timestamp="2020-07-27T02:46:43 PDT" time="4.851" errors="0">
  <testcase name="@BeforeClass launchApp" time="3.022" classname="com.pearson.teach.init.BaseTest">
    <failure type="java.lang.NullPointerException">
      <![CDATA[java.lang.NullPointerException
at com.pearson.teach.init.BaseTest.launchApp(BaseTest.java:98)
at java.util.ArrayList.forEach(Unknown Source)
... Removed 25 stack frames]]>
    </failure>
  </testcase> <!-- @BeforeClass launchApp -->
  <testcase name="@AfterClass closeApp" time="-1.595843203855E9" classname="com.pearson.teach.init.BaseTest">
    <skipped/>
  </testcase> <!-- @AfterClass closeApp -->
  <testcase name="YahooLoginTest_001" time="0.0" classname="com.pearson.teach.testscripts.YahooLoginTest">
    <skipped/>
  </testcase> <!-- YahooLoginTest_001 -->
</testsuite> <!-- Test -->
